<?xml version="1.0" encoding="UTF-8"?>
<testsuite xmlns:xsi="http://www.w3.org/2001/XMLSchema-instance" xsi:noNamespaceSchemaLocation="https://maven.apache.org/surefire/maven-surefire-plugin/xsd/surefire-test-report-3.0.xsd" version="3.0" name="CalculadoraTest" time="0.083" tests="43" errors="0" skipped="0" failures="0">
  <properties>
    <property name="java.specification.version" value="22"/>
    <property name="sun.cpu.isalist" value="amd64"/>
    <property name="sun.jnu.encoding" value="Cp1252"/>
    <property name="java.class.path" value="C:\Users\Kathy\Documents\GitHub\Taller-Casos-de-Prueba-JUnited5\CALCULADORA\target\test-classes;C:\Users\Kathy\Documents\GitHub\Taller-Casos-de-Prueba-JUnited5\CALCULADORA\target\classes;C:\Users\Kathy\.m2\repository\org\junit\jupiter\junit-jupiter-api\5.6.0\junit-jupiter-api-5.6.0.jar;C:\Users\Kathy\.m2\repository\org\apiguardian\apiguardian-api\1.1.0\apiguardian-api-1.1.0.jar;C:\Users\Kathy\.m2\repository\org\opentest4j\opentest4j\1.2.0\opentest4j-1.2.0.jar;C:\Users\Kathy\.m2\repository\org\junit\platform\junit-platform-commons\1.6.0\junit-platform-commons-1.6.0.jar;C:\Users\Kathy\.m2\repository\org\junit\jupiter\junit-jupiter-params\5.6.0\junit-jupiter-params-5.6.0.jar;C:\Users\Kathy\.m2\repository\org\junit\jupiter\junit-jupiter-engine\5.6.0\junit-jupiter-engine-5.6.0.jar;C:\Users\Kathy\.m2\repository\org\junit\platform\junit-platform-engine\1.6.0\junit-platform-engine-1.6.0.jar;"/>
    <property name="java.vm.vendor" value="Oracle Corporation"/>
    <property name="sun.arch.data.model" value="64"/>
    <property name="user.variant" value=""/>
    <property name="java.vendor.url" value="https://java.oracle.com/"/>
    <property name="user.timezone" value="America/Guayaquil"/>
    <property name="os.name" value="Windows 10"/>
    <property name="java.vm.specification.version" value="22"/>
    <property name="user.country" value="EC"/>
    <property name="sun.java.launcher" value="SUN_STANDARD"/>
    <property name="sun.boot.library.path" value="C:\Program Files\Java\jdk-22\bin"/>
    <property name="sun.java.command" value="C:\Users\Kathy\AppData\Local\Temp\surefire13078362096639725770\surefirebooter-20240819220423837_3.jar C:\Users\Kathy\AppData\Local\Temp\surefire13078362096639725770 2024-08-19T22-04-23_727-jvmRun1 surefire-20240819220423837_1tmp surefire_0-20240819220423837_2tmp"/>
    <property name="jdk.debug" value="release"/>
    <property name="surefire.test.class.path" value="C:\Users\Kathy\Documents\GitHub\Taller-Casos-de-Prueba-JUnited5\CALCULADORA\target\test-classes;C:\Users\Kathy\Documents\GitHub\Taller-Casos-de-Prueba-JUnited5\CALCULADORA\target\classes;C:\Users\Kathy\.m2\repository\org\junit\jupiter\junit-jupiter-api\5.6.0\junit-jupiter-api-5.6.0.jar;C:\Users\Kathy\.m2\repository\org\apiguardian\apiguardian-api\1.1.0\apiguardian-api-1.1.0.jar;C:\Users\Kathy\.m2\repository\org\opentest4j\opentest4j\1.2.0\opentest4j-1.2.0.jar;C:\Users\Kathy\.m2\repository\org\junit\platform\junit-platform-commons\1.6.0\junit-platform-commons-1.6.0.jar;C:\Users\Kathy\.m2\repository\org\junit\jupiter\junit-jupiter-params\5.6.0\junit-jupiter-params-5.6.0.jar;C:\Users\Kathy\.m2\repository\org\junit\jupiter\junit-jupiter-engine\5.6.0\junit-jupiter-engine-5.6.0.jar;C:\Users\Kathy\.m2\repository\org\junit\platform\junit-platform-engine\1.6.0\junit-platform-engine-1.6.0.jar;"/>
    <property name="sun.cpu.endian" value="little"/>
    <property name="user.home" value="C:\Users\Kathy"/>
    <property name="user.language" value="es"/>
    <property name="java.specification.vendor" value="Oracle Corporation"/>
    <property name="java.version.date" value="2024-04-16"/>
    <property name="java.home" value="C:\Program Files\Java\jdk-22"/>
    <property name="file.separator" value="\"/>
    <property name="basedir" value="C:\Users\Kathy\Documents\GitHub\Taller-Casos-de-Prueba-JUnited5\CALCULADORA"/>
    <property name="java.vm.compressedOopsMode" value="Zero based"/>
    <property name="line.separator" value="&#10;"/>
    <property name="java.vm.specification.vendor" value="Oracle Corporation"/>
    <property name="java.specification.name" value="Java Platform API Specification"/>
    <property name="surefire.real.class.path" value="C:\Users\Kathy\AppData\Local\Temp\surefire13078362096639725770\surefirebooter-20240819220423837_3.jar"/>
    <property name="user.script" value=""/>
    <property name="sun.management.compiler" value="HotSpot 64-Bit Tiered Compilers"/>
    <property name="java.runtime.version" value="22.0.1+8-16"/>
    <property name="user.name" value="Kathy"/>
    <property name="stdout.encoding" value="Cp1252"/>
    <property name="path.separator" value=";"/>
    <property name="os.version" value="10.0"/>
    <property name="java.runtime.name" value="Java(TM) SE Runtime Environment"/>
    <property name="file.encoding" value="UTF-8"/>
    <property name="java.vm.name" value="Java HotSpot(TM) 64-Bit Server VM"/>
    <property name="maven.ext.class.path" value="C:\Program Files\NetBeans-21\netbeans\java\maven-nblib\netbeans-eventspy.jar;C:\Program Files\NetBeans-21\netbeans\java\maven-nblib\netbeans-eventspy.jar"/>
    <property name="localRepository" value="C:\Users\Kathy\.m2\repository"/>
    <property name="java.vendor.url.bug" value="https://bugreport.java.com/bugreport/"/>
    <property name="java.io.tmpdir" value="C:\Users\Kathy\AppData\Local\Temp\"/>
    <property name="java.version" value="22.0.1"/>
    <property name="user.dir" value="C:\Users\Kathy\Documents\GitHub\Taller-Casos-de-Prueba-JUnited5\CALCULADORA"/>
    <property name="os.arch" value="amd64"/>
    <property name="java.vm.specification.name" value="Java Virtual Machine Specification"/>
    <property name="sun.os.patch.level" value=""/>
    <property name="native.encoding" value="Cp1252"/>
    <property name="java.library.path" value="C:\Program Files\Java\jdk-22\bin;C:\Windows\Sun\Java\bin;C:\Windows\system32;C:\Windows;C:\Program Files\Common Files\Oracle\Java\javapath;C:\Windows\system32;C:\Windows;C:\Windows\System32\Wbem;C:\Windows\System32\WindowsPowerShell\v1.0\;C:\Windows\System32\OpenSSH\;C:\Users\Kathy\AppData\Local\Microsoft\WindowsApps;C:\Users\Kathy\AppData\Local\GitHubDesktop\bin;."/>
    <property name="java.vm.info" value="mixed mode, sharing"/>
    <property name="stderr.encoding" value="Cp1252"/>
    <property name="java.vendor" value="Oracle Corporation"/>
    <property name="java.vm.version" value="22.0.1+8-16"/>
    <property name="sun.io.unicode.encoding" value="UnicodeLittle"/>
    <property name="java.class.version" value="66.0"/>
  </properties>
  <testcase name="TCRD01" classname="CalculadoraTest" time="0.021">
    <system-out><![CDATA[radicacion
]]></system-out>
  </testcase>
  <testcase name="TCRD02" classname="CalculadoraTest" time="0.002">
    <system-out><![CDATA[radicacion
]]></system-out>
  </testcase>
  <testcase name="TCRD03" classname="CalculadoraTest" time="0.001">
    <system-out><![CDATA[radicacion
]]></system-out>
  </testcase>
  <testcase name="TCRD04" classname="CalculadoraTest" time="0.001">
    <system-out><![CDATA[radicacion
]]></system-out>
  </testcase>
  <testcase name="TCRD05" classname="CalculadoraTest" time="0.0">
    <system-out><![CDATA[radicacion
]]></system-out>
  </testcase>
  <testcase name="TCRD06" classname="CalculadoraTest" time="0.002">
    <system-out><![CDATA[radicacion
]]></system-out>
  </testcase>
  <testcase name="TCRD07" classname="CalculadoraTest" time="0.0">
    <system-out><![CDATA[radicacion
]]></system-out>
  </testcase>
  <testcase name="TCRD08" classname="CalculadoraTest" time="0.001">
    <system-out><![CDATA[radicacion
]]></system-out>
  </testcase>
  <testcase name="TCSD01" classname="CalculadoraTest" time="0.0">
    <system-out><![CDATA[sumaDivisores
]]></system-out>
  </testcase>
  <testcase name="TCSD02" classname="CalculadoraTest" time="0.0">
    <system-out><![CDATA[sumaDivisores
]]></system-out>
  </testcase>
  <testcase name="TCSD03" classname="CalculadoraTest" time="0.001">
    <system-out><![CDATA[sumaDivisores
]]></system-out>
  </testcase>
  <testcase name="TCSD05" classname="CalculadoraTest" time="0.0">
    <system-out><![CDATA[sumaDivisores
]]></system-out>
  </testcase>
  <testcase name="TCSD06" classname="CalculadoraTest" time="0.0">
    <system-out><![CDATA[sumaDivisores
]]></system-out>
  </testcase>
  <testcase name="TCD01" classname="CalculadoraTest" time="0.001">
    <system-out><![CDATA[division
]]></system-out>
  </testcase>
  <testcase name="TCD02" classname="CalculadoraTest" time="0.0">
    <system-out><![CDATA[division
]]></system-out>
  </testcase>
  <testcase name="TCD03" classname="CalculadoraTest" time="0.0">
    <system-out><![CDATA[division
]]></system-out>
  </testcase>
  <testcase name="TCD04" classname="CalculadoraTest" time="0.0">
    <system-out><![CDATA[division
]]></system-out>
  </testcase>
  <testcase name="TCD05" classname="CalculadoraTest" time="0.0">
    <system-out><![CDATA[division
]]></system-out>
  </testcase>
  <testcase name="TCE01" classname="CalculadoraTest" time="0.001">
    <system-out><![CDATA[exponenciacion
]]></system-out>
  </testcase>
  <testcase name="TCE02" classname="CalculadoraTest" time="0.001">
    <system-out><![CDATA[exponenciacion
]]></system-out>
  </testcase>
  <testcase name="TCE03" classname="CalculadoraTest" time="0.002">
    <system-out><![CDATA[exponenciacion
]]></system-out>
  </testcase>
  <testcase name="TCE04" classname="CalculadoraTest" time="0.001">
    <system-out><![CDATA[exponenciacion
]]></system-out>
  </testcase>
  <testcase name="TCE05" classname="CalculadoraTest" time="0.001">
    <system-out><![CDATA[exponenciacion
]]></system-out>
  </testcase>
  <testcase name="TCE06" classname="CalculadoraTest" time="0.001">
    <system-out><![CDATA[exponenciacion
]]></system-out>
  </testcase>
  <testcase name="TCE07" classname="CalculadoraTest" time="0.0">
    <system-out><![CDATA[exponenciacion
]]></system-out>
  </testcase>
  <testcase name="TCM01" classname="CalculadoraTest" time="0.0">
    <system-out><![CDATA[multiplicacion
]]></system-out>
  </testcase>
  <testcase name="TCM02" classname="CalculadoraTest" time="0.0">
    <system-out><![CDATA[multiplicacion
]]></system-out>
  </testcase>
  <testcase name="TCM03" classname="CalculadoraTest" time="0.001">
    <system-out><![CDATA[multiplicacion
]]></system-out>
  </testcase>
  <testcase name="TCM04" classname="CalculadoraTest" time="0.0">
    <system-out><![CDATA[multiplicacion
]]></system-out>
  </testcase>
  <testcase name="TCM05" classname="CalculadoraTest" time="0.0">
    <system-out><![CDATA[multiplicacion
]]></system-out>
  </testcase>
  <testcase name="TCM06" classname="CalculadoraTest" time="0.0">
    <system-out><![CDATA[multiplicacion
]]></system-out>
  </testcase>
  <testcase name="TCR01" classname="CalculadoraTest" time="0.001">
    <system-out><![CDATA[resta
]]></system-out>
  </testcase>
  <testcase name="TCR02" classname="CalculadoraTest" time="0.001">
    <system-out><![CDATA[resta
]]></system-out>
  </testcase>
  <testcase name="TCR03" classname="CalculadoraTest" time="0.001">
    <system-out><![CDATA[resta
]]></system-out>
  </testcase>
  <testcase name="TCR04" classname="CalculadoraTest" time="0.001">
    <system-out><![CDATA[resta
]]></system-out>
  </testcase>
  <testcase name="TCS01" classname="CalculadoraTest" time="0.0">
    <system-out><![CDATA[suma
]]></system-out>
  </testcase>
  <testcase name="TCS02" classname="CalculadoraTest" time="0.0">
    <system-out><![CDATA[suma
]]></system-out>
  </testcase>
  <testcase name="TCS03" classname="CalculadoraTest" time="0.001">
    <system-out><![CDATA[suma
]]></system-out>
  </testcase>
  <testcase name="TCS04" classname="CalculadoraTest" time="0.001">
    <system-out><![CDATA[suma
]]></system-out>
  </testcase>
  <testcase name="TCS05" classname="CalculadoraTest" time="0.001">
    <system-out><![CDATA[suma
]]></system-out>
  </testcase>
  <testcase name="TNA01" classname="CalculadoraTest" time="0.001">
    <system-out><![CDATA[sonAmigos
]]></system-out>
  </testcase>
  <testcase name="TNA02" classname="CalculadoraTest" time="0.0">
    <system-out><![CDATA[sonAmigos
]]></system-out>
  </testcase>
  <testcase name="TNA03" classname="CalculadoraTest" time="0.0">
    <system-out><![CDATA[sonAmigos
]]></system-out>
  </testcase>
</testsuite>